<?xml version="1.0" encoding="UTF-8"?>
<!-- Generated by org.testng.reporters.JUnitReportReporter -->
<testsuite hostname="MOBASSIR-ERHSHJS" failures="0" tests="1" name="StepDefiniations.stepDefinationImpl" time="19.497" errors="0" timestamp="2024-10-10T16:02:31 SAST" skipped="0">
  <testcase classname="StepDefiniations.stepDefinationImpl" name="demoTest" time="19.497"/>
  <system-out/>
</testsuite> <!-- StepDefiniations.stepDefinationImpl -->
