<?xml version="1.0" encoding="UTF-8"?>
<!-- Generated by org.testng.reporters.JUnitReportReporter -->
<testsuite hostname="MOBASSIR-ERHSHJS" failures="0" tests="1" name="baseClass.baseClassSetup" time="8.438" errors="0" timestamp="2024-10-10T14:06:35 SAST" skipped="0">
  <testcase classname="baseClass.baseClassSetup" name="setup" time="8.438"/>
  <system-out/>
</testsuite> <!-- baseClass.baseClassSetup -->
