<?xml version="1.0" encoding="UTF-8"?>
<!-- Generated by org.testng.reporters.JUnitReportReporter -->
<testsuite hostname="MOBASSIR-ERHSHJS" failures="0" tests="2" name="TestRunner.LoginRunner" time="39.578" errors="0" timestamp="2024-10-10T17:43:46 SAST" skipped="0">
  <testcase classname="TestRunner.LoginRunner" name="runScenario" time="8.098"/>
  <system-out/>
  <testcase classname="TestRunner.LoginRunner" name="runScenario" time="31.480"/>
  <system-out/>
</testsuite> <!-- TestRunner.LoginRunner -->
